<?xml version="1.0" encoding="UTF-8"?>
<!-- Generated by org.testng.reporters.JUnitReportReporter -->
<testsuite hostname="LAPTOP-VI2D3B1U" failures="0" tests="2" name="testPro.mavenPract.MavenPro1Test" time="0.011" errors="0" timestamp="2020-05-24T19:39:12 IST" skipped="0">
  <testcase classname="testPro.mavenPract.MavenPro1Test" name="Check1Test" time="0.007"/>
  <system-out/>
  <testcase classname="testPro.mavenPract.MavenPro1Test" name="CheckTest" time="0.004"/>
  <system-out/>
</testsuite> <!-- testPro.mavenPract.MavenPro1Test -->
