<?xml version="1.0" encoding="UTF-8"?>
<!-- Generated by org.testng.reporters.JUnitReportReporter -->
<testsuite hostname="LAPTOP-VI2D3B1U" failures="0" tests="2" name="testPro.mavenPract.MavenProTest" time="0.002" errors="0" timestamp="2020-05-24T19:39:12 IST" skipped="0">
  <testcase classname="testPro.mavenPract.MavenProTest" name="Check2Test" time="0.001"/>
  <system-out/>
  <testcase classname="testPro.mavenPract.MavenProTest" name="Check3Test" time="0.001"/>
  <system-out/>
</testsuite> <!-- testPro.mavenPract.MavenProTest -->
